#
# There is insufficient memory for the Java Runtime Environment to continue.
# Native memory allocation (malloc) failed to allocate 1708976 bytes for Chunk::new
# Possible reasons:
#   The system is out of physical RAM or swap space
#   The process is running with CompressedOops enabled, and the Java Heap may be blocking the growth of the native heap
# Possible solutions:
#   Reduce memory load on the system
#   Increase physical memory or swap space
#   Check if swap backing store is full
#   Decrease Java heap size (-Xmx/-Xms)
#   Decrease number of Java threads
#   Decrease Java thread stack sizes (-Xss)
#   Set larger code cache with -XX:ReservedCodeCacheSize=
#   JVM is running with Unscaled Compressed Oops mode in which the Java heap is
#     placed in the first 4GB address space. The Java Heap base address is the
#     maximum limit for the native heap growth. Please use -XX:HeapBaseMinAddress
#     to set the Java Heap base and to place the Java Heap above 4GB virtual address.
# This output file may be truncated or incomplete.
#
#  Out of Memory Error (./open/src/hotspot/share/memory/arena.cpp:197), pid=17380, tid=17092
#
# JRE version: Java(TM) SE Runtime Environment 18.9 (11.0.10+8) (build 11.0.10+8-LTS-162)
# Java VM: Java HotSpot(TM) 64-Bit Server VM 18.9 (11.0.10+8-LTS-162, mixed mode, tiered, compressed oops, g1 gc, windows-amd64)
# No core dump will be written. Minidumps are not enabled by default on client versions of Windows
#

---------------  S U M M A R Y ------------

Command Line: -Dfile.encoding=Cp1252 --module-path=C:\Users\nanub\Downloads\postgresql-42.2.23.jar PANTALLAS.PantallaPrincipal

Host: Intel(R) Core(TM) i5-6200U CPU @ 2.30GHz, 4 cores, 3G,  Windows 10 , 64 bit Build 19041 (10.0.19041.1023)
Time: Wed Aug  4 15:26:48 2021 Hora estándar de Argentina elapsed time: 50.024970 seconds (0d 0h 0m 50s)

---------------  T H R E A D  ---------------

Current thread (0x00000157bf1c5000):  JavaThread "C2 CompilerThread0" daemon [_thread_in_native, id=17092, stack(0x00000053fd100000,0x00000053fd200000)]


Current CompileTask:
C2:  50025 2917       4       javax.swing.RepaintManager::addDirtyRegion (37 bytes)

Stack: [0x00000053fd100000,0x00000053fd200000]
Native frames: (J=compiled Java code, j=interpreted, Vv=VM code, C=native code)
V  [jvm.dll+0x613e6a]
V  [jvm.dll+0x74c1ff]
V  [jvm.dll+0x74d885]
V  [jvm.dll+0x74df03]
V  [jvm.dll+0x243b78]
V  [jvm.dll+0xba2cc]
V  [jvm.dll+0xba9cc]
V  [jvm.dll+0x3469c7]
V  [jvm.dll+0x3147d3]
V  [jvm.dll+0x313b1a]
V  [jvm.dll+0x1fd395]
V  [jvm.dll+0x1fc54f]
V  [jvm.dll+0x17f09c]
V  [jvm.dll+0x20bbd4]
V  [jvm.dll+0x209cab]
V  [jvm.dll+0x713619]
V  [jvm.dll+0x70c314]
V  [jvm.dll+0x613036]
C  [ucrtbase.dll+0x21bb2]
C  [KERNEL32.DLL+0x17034]
C  [ntdll.dll+0x52651]


---------------  P R O C E S S  ---------------

Threads class SMR info:
_java_thread_list=0x00000157bf4c2a30, length=15, elements={
0x00000157bf18e000, 0x00000157bf18f800, 0x00000157bf21c800, 0x00000157bf21d800,
0x00000157bf1c5000, 0x00000157bf1d3800, 0x00000157bf3b8800, 0x00000157bf153800,
0x00000157bf658800, 0x00000157bf88a000, 0x00000157bf8d6800, 0x00000157bf8b1800,
0x00000157bf8d5000, 0x00000157a0bdc000, 0x00000157bfdd4000
}

Java Threads: ( => current thread )
  0x00000157bf18e000 JavaThread "Reference Handler" daemon [_thread_blocked, id=14764, stack(0x00000053fcd00000,0x00000053fce00000)]
  0x00000157bf18f800 JavaThread "Finalizer" daemon [_thread_blocked, id=7852, stack(0x00000053fce00000,0x00000053fcf00000)]
  0x00000157bf21c800 JavaThread "Signal Dispatcher" daemon [_thread_blocked, id=13052, stack(0x00000053fcf00000,0x00000053fd000000)]
  0x00000157bf21d800 JavaThread "Attach Listener" daemon [_thread_blocked, id=1040, stack(0x00000053fd000000,0x00000053fd100000)]
=>0x00000157bf1c5000 JavaThread "C2 CompilerThread0" daemon [_thread_in_native, id=17092, stack(0x00000053fd100000,0x00000053fd200000)]
  0x00000157bf1d3800 JavaThread "C1 CompilerThread0" daemon [_thread_blocked, id=11564, stack(0x00000053fd200000,0x00000053fd300000)]
  0x00000157bf3b8800 JavaThread "Sweeper thread" daemon [_thread_blocked, id=6424, stack(0x00000053fd300000,0x00000053fd400000)]
  0x00000157bf153800 JavaThread "Common-Cleaner" daemon [_thread_blocked, id=5648, stack(0x00000053fd400000,0x00000053fd500000)]
  0x00000157bf658800 JavaThread "Service Thread" daemon [_thread_blocked, id=14388, stack(0x00000053fd500000,0x00000053fd600000)]
  0x00000157bf88a000 JavaThread "Java2D Disposer" daemon [_thread_blocked, id=14852, stack(0x00000053fd700000,0x00000053fd800000)]
  0x00000157bf8d6800 JavaThread "AWT-Shutdown" [_thread_blocked, id=10052, stack(0x00000053fd800000,0x00000053fd900000)]
  0x00000157bf8b1800 JavaThread "AWT-Windows" daemon [_thread_in_native, id=5276, stack(0x00000053fd900000,0x00000053fda00000)]
  0x00000157bf8d5000 JavaThread "AWT-EventQueue-0" [_thread_blocked, id=8580, stack(0x00000053fda00000,0x00000053fdb00000)]
  0x00000157a0bdc000 JavaThread "DestroyJavaVM" [_thread_blocked, id=6924, stack(0x00000053fc600000,0x00000053fc700000)]
  0x00000157bfdd4000 JavaThread "TimerQueue" daemon [_thread_blocked, id=11252, stack(0x00000053fe200000,0x00000053fe300000)]

Other Threads:
  0x00000157bf18a000 VMThread "VM Thread" [stack: 0x00000053fcc00000,0x00000053fcd00000] [id=16960]
  0x00000157bf6e5000 WatcherThread [stack: 0x00000053fd600000,0x00000053fd700000] [id=8212]
  0x00000157a0bf1800 GCTaskThread "GC Thread#0" [stack: 0x00000053fc700000,0x00000053fc800000] [id=13212]
  0x00000157bfae6000 GCTaskThread "GC Thread#1" [stack: 0x00000053fdc00000,0x00000053fdd00000] [id=8780]
  0x00000157bfa3c000 GCTaskThread "GC Thread#2" [stack: 0x00000053fdd00000,0x00000053fde00000] [id=3000]
  0x00000157bfb5e000 GCTaskThread "GC Thread#3" [stack: 0x00000053fde00000,0x00000053fdf00000] [id=16812]
  0x00000157a0c08000 ConcurrentGCThread "G1 Main Marker" [stack: 0x00000053fc800000,0x00000053fc900000] [id=15596]
  0x00000157a0c0a000 ConcurrentGCThread "G1 Conc#0" [stack: 0x00000053fc900000,0x00000053fca00000] [id=13632]
  0x00000157a0c65800 ConcurrentGCThread "G1 Refine#0" [stack: 0x00000053fca00000,0x00000053fcb00000] [id=15432]
  0x00000157a0c66800 ConcurrentGCThread "G1 Young RemSet Sampling" [stack: 0x00000053fcb00000,0x00000053fcc00000] [id=4628]

Threads with active compile tasks:
C2 CompilerThread0  50113 2917       4       javax.swing.RepaintManager::addDirtyRegion (37 bytes)

VM state:not at safepoint (normal execution)

VM Mutex/Monitor currently owned by a thread: None

Heap address: 0x00000000c1400000, size: 1004 MB, Compressed Oops mode: 32-bit
Narrow klass base: 0x0000000000000000, Narrow klass shift: 3
Compressed class space size: 1073741824 Address: 0x0000000100000000

Heap:
 garbage-first heap   total 65536K, used 20943K [0x00000000c1400000, 0x0000000100000000)
  region size 1024K, 17 young (17408K), 2 survivors (2048K)
 Metaspace       used 24992K, capacity 25566K, committed 25852K, reserved 1073152K
  class space    used 2775K, capacity 3035K, committed 3072K, reserved 1048576K
Heap Regions: E=young(eden), S=young(survivor), O=old, HS=humongous(starts), HC=humongous(continues), CS=collection set, F=free, A=archive, TAMS=top-at-mark-start (previous, next)
|   0|0x00000000c1400000, 0x00000000c1500000, 0x00000000c1500000|100%| O|  |TAMS 0x00000000c1500000, 0x00000000c1400000| Untracked 
|   1|0x00000000c1500000, 0x00000000c1600000, 0x00000000c1600000|100%| O|  |TAMS 0x00000000c1600000, 0x00000000c1500000| Untracked 
|   2|0x00000000c1600000, 0x00000000c1700000, 0x00000000c1700000|100%| O|  |TAMS 0x00000000c1700000, 0x00000000c1600000| Untracked 
|   3|0x00000000c1700000, 0x00000000c1800000, 0x00000000c1800000|100%|HS|  |TAMS 0x00000000c1700000, 0x00000000c1700000| Complete 
|   4|0x00000000c1800000, 0x00000000c1900000, 0x00000000c1900000|100%|HC|  |TAMS 0x00000000c1800000, 0x00000000c1800000| Complete 
|   5|0x00000000c1900000, 0x00000000c1900000, 0x00000000c1a00000|  0%| F|  |TAMS 0x00000000c1900000, 0x00000000c1900000| Untracked 
|   6|0x00000000c1a00000, 0x00000000c1a00000, 0x00000000c1b00000|  0%| F|  |TAMS 0x00000000c1a00000, 0x00000000c1a00000| Untracked 
|   7|0x00000000c1b00000, 0x00000000c1b00000, 0x00000000c1c00000|  0%| F|  |TAMS 0x00000000c1b00000, 0x00000000c1b00000| Untracked 
|   8|0x00000000c1c00000, 0x00000000c1c00000, 0x00000000c1d00000|  0%| F|  |TAMS 0x00000000c1c00000, 0x00000000c1c00000| Untracked 
|   9|0x00000000c1d00000, 0x00000000c1d00000, 0x00000000c1e00000|  0%| F|  |TAMS 0x00000000c1d00000, 0x00000000c1d00000| Untracked 
|  10|0x00000000c1e00000, 0x00000000c1e00000, 0x00000000c1f00000|  0%| F|  |TAMS 0x00000000c1e00000, 0x00000000c1e00000| Untracked 
|  11|0x00000000c1f00000, 0x00000000c1f00000, 0x00000000c2000000|  0%| F|  |TAMS 0x00000000c1f00000, 0x00000000c1f00000| Untracked 
|  12|0x00000000c2000000, 0x00000000c2000000, 0x00000000c2100000|  0%| F|  |TAMS 0x00000000c2000000, 0x00000000c2000000| Untracked 
|  13|0x00000000c2100000, 0x00000000c2100000, 0x00000000c2200000|  0%| F|  |TAMS 0x00000000c2100000, 0x00000000c2100000| Untracked 
|  14|0x00000000c2200000, 0x00000000c2200000, 0x00000000c2300000|  0%| F|  |TAMS 0x00000000c2200000, 0x00000000c2200000| Untracked 
|  15|0x00000000c2300000, 0x00000000c2300000, 0x00000000c2400000|  0%| F|  |TAMS 0x00000000c2300000, 0x00000000c2300000| Untracked 
|  16|0x00000000c2400000, 0x00000000c2400000, 0x00000000c2500000|  0%| F|  |TAMS 0x00000000c2400000, 0x00000000c2400000| Untracked 
|  17|0x00000000c2500000, 0x00000000c2500000, 0x00000000c2600000|  0%| F|  |TAMS 0x00000000c2500000, 0x00000000c2500000| Untracked 
|  18|0x00000000c2600000, 0x00000000c2600000, 0x00000000c2700000|  0%| F|  |TAMS 0x00000000c2600000, 0x00000000c2600000| Untracked 
|  19|0x00000000c2700000, 0x00000000c2700000, 0x00000000c2800000|  0%| F|  |TAMS 0x00000000c2700000, 0x00000000c2700000| Untracked 
|  20|0x00000000c2800000, 0x00000000c2800000, 0x00000000c2900000|  0%| F|  |TAMS 0x00000000c2800000, 0x00000000c2800000| Untracked 
|  21|0x00000000c2900000, 0x00000000c2900000, 0x00000000c2a00000|  0%| F|  |TAMS 0x00000000c2900000, 0x00000000c2900000| Untracked 
|  22|0x00000000c2a00000, 0x00000000c2a00000, 0x00000000c2b00000|  0%| F|  |TAMS 0x00000000c2a00000, 0x00000000c2a00000| Untracked 
|  23|0x00000000c2b00000, 0x00000000c2b00000, 0x00000000c2c00000|  0%| F|  |TAMS 0x00000000c2b00000, 0x00000000c2b00000| Untracked 
|  24|0x00000000c2c00000, 0x00000000c2c00000, 0x00000000c2d00000|  0%| F|  |TAMS 0x00000000c2c00000, 0x00000000c2c00000| Untracked 
|  25|0x00000000c2d00000, 0x00000000c2d00000, 0x00000000c2e00000|  0%| F|  |TAMS 0x00000000c2d00000, 0x00000000c2d00000| Untracked 
|  26|0x00000000c2e00000, 0x00000000c2e00000, 0x00000000c2f00000|  0%| F|  |TAMS 0x00000000c2e00000, 0x00000000c2e00000| Untracked 
|  27|0x00000000c2f00000, 0x00000000c2f00000, 0x00000000c3000000|  0%| F|  |TAMS 0x00000000c2f00000, 0x00000000c2f00000| Untracked 
|  28|0x00000000c3000000, 0x00000000c3000000, 0x00000000c3100000|  0%| F|  |TAMS 0x00000000c3000000, 0x00000000c3000000| Untracked 
|  29|0x00000000c3100000, 0x00000000c3100000, 0x00000000c3200000|  0%| F|  |TAMS 0x00000000c3100000, 0x00000000c3100000| Untracked 
|  30|0x00000000c3200000, 0x00000000c3200000, 0x00000000c3300000|  0%| F|  |TAMS 0x00000000c3200000, 0x00000000c3200000| Untracked 
|  31|0x00000000c3300000, 0x00000000c3300000, 0x00000000c3400000|  0%| F|  |TAMS 0x00000000c3300000, 0x00000000c3300000| Untracked 
|  32|0x00000000c3400000, 0x00000000c3400000, 0x00000000c3500000|  0%| F|  |TAMS 0x00000000c3400000, 0x00000000c3400000| Untracked 
|  33|0x00000000c3500000, 0x00000000c3500000, 0x00000000c3600000|  0%| F|  |TAMS 0x00000000c3500000, 0x00000000c3500000| Untracked 
|  34|0x00000000c3600000, 0x00000000c3600000, 0x00000000c3700000|  0%| F|  |TAMS 0x00000000c3600000, 0x00000000c3600000| Untracked 
|  35|0x00000000c3700000, 0x00000000c3700000, 0x00000000c3800000|  0%| F|  |TAMS 0x00000000c3700000, 0x00000000c3700000| Untracked 
|  36|0x00000000c3800000, 0x00000000c3800000, 0x00000000c3900000|  0%| F|  |TAMS 0x00000000c3800000, 0x00000000c3800000| Untracked 
|  37|0x00000000c3900000, 0x00000000c3900000, 0x00000000c3a00000|  0%| F|  |TAMS 0x00000000c3900000, 0x00000000c3900000| Untracked 
|  38|0x00000000c3a00000, 0x00000000c3a00000, 0x00000000c3b00000|  0%| F|  |TAMS 0x00000000c3a00000, 0x00000000c3a00000| Untracked 
|  39|0x00000000c3b00000, 0x00000000c3b00000, 0x00000000c3c00000|  0%| F|  |TAMS 0x00000000c3b00000, 0x00000000c3b00000| Untracked 
|  40|0x00000000c3c00000, 0x00000000c3c00000, 0x00000000c3d00000|  0%| F|  |TAMS 0x00000000c3c00000, 0x00000000c3c00000| Untracked 
|  41|0x00000000c3d00000, 0x00000000c3d00000, 0x00000000c3e00000|  0%| F|  |TAMS 0x00000000c3d00000, 0x00000000c3d00000| Untracked 
|  42|0x00000000c3e00000, 0x00000000c3e00000, 0x00000000c3f00000|  0%| F|  |TAMS 0x00000000c3e00000, 0x00000000c3e00000| Untracked 
|  43|0x00000000c3f00000, 0x00000000c3f00000, 0x00000000c4000000|  0%| F|  |TAMS 0x00000000c3f00000, 0x00000000c3f00000| Untracked 
|  44|0x00000000c4000000, 0x00000000c4000000, 0x00000000c4100000|  0%| F|  |TAMS 0x00000000c4000000, 0x00000000c4000000| Untracked 
|  45|0x00000000c4100000, 0x00000000c4100000, 0x00000000c4200000|  0%| F|  |TAMS 0x00000000c4100000, 0x00000000c4100000| Untracked 
|  46|0x00000000c4200000, 0x00000000c4200000, 0x00000000c4300000|  0%| F|  |TAMS 0x00000000c4200000, 0x00000000c4200000| Untracked 
|  47|0x00000000c4300000, 0x00000000c4359408, 0x00000000c4400000| 34%| E|  |TAMS 0x00000000c4300000, 0x00000000c4300000| Complete 
|  48|0x00000000c4400000, 0x00000000c4500000, 0x00000000c4500000|100%| E|CS|TAMS 0x00000000c4400000, 0x00000000c4400000| Complete 
|  49|0x00000000c4500000, 0x00000000c4600000, 0x00000000c4600000|100%| E|CS|TAMS 0x00000000c4500000, 0x00000000c4500000| Complete 
|  50|0x00000000c4600000, 0x00000000c4700000, 0x00000000c4700000|100%| E|CS|TAMS 0x00000000c4600000, 0x00000000c4600000| Complete 
|  51|0x00000000c4700000, 0x00000000c4800000, 0x00000000c4800000|100%| E|CS|TAMS 0x00000000c4700000, 0x00000000c4700000| Complete 
|  52|0x00000000c4800000, 0x00000000c4900000, 0x00000000c4900000|100%| E|CS|TAMS 0x00000000c4800000, 0x00000000c4800000| Complete 
|  53|0x00000000c4900000, 0x00000000c4a00000, 0x00000000c4a00000|100%| E|CS|TAMS 0x00000000c4900000, 0x00000000c4900000| Complete 
|  54|0x00000000c4a00000, 0x00000000c4b00000, 0x00000000c4b00000|100%| E|CS|TAMS 0x00000000c4a00000, 0x00000000c4a00000| Complete 
|  55|0x00000000c4b00000, 0x00000000c4b73dc0, 0x00000000c4c00000| 45%| S|CS|TAMS 0x00000000c4b00000, 0x00000000c4b00000| Complete 
|  56|0x00000000c4c00000, 0x00000000c4d00000, 0x00000000c4d00000|100%| S|CS|TAMS 0x00000000c4c00000, 0x00000000c4c00000| Complete 
|  57|0x00000000c4d00000, 0x00000000c4e00000, 0x00000000c4e00000|100%| E|CS|TAMS 0x00000000c4d00000, 0x00000000c4d00000| Complete 
|  58|0x00000000c4e00000, 0x00000000c4f00000, 0x00000000c4f00000|100%| E|CS|TAMS 0x00000000c4e00000, 0x00000000c4e00000| Complete 
|  59|0x00000000c4f00000, 0x00000000c5000000, 0x00000000c5000000|100%| E|CS|TAMS 0x00000000c4f00000, 0x00000000c4f00000| Complete 
|  60|0x00000000c5000000, 0x00000000c5100000, 0x00000000c5100000|100%| E|CS|TAMS 0x00000000c5000000, 0x00000000c5000000| Complete 
|  61|0x00000000c5100000, 0x00000000c5200000, 0x00000000c5200000|100%| E|CS|TAMS 0x00000000c5100000, 0x00000000c5100000| Complete 
|  62|0x00000000c5200000, 0x00000000c5300000, 0x00000000c5300000|100%| E|CS|TAMS 0x00000000c5200000, 0x00000000c5200000| Complete 
|  63|0x00000000c5300000, 0x00000000c5400000, 0x00000000c5400000|100%| E|CS|TAMS 0x00000000c5300000, 0x00000000c5300000| Complete 

Card table byte_map: [0x00000157ba070000,0x00000157ba270000] _byte_map_base: 0x00000157b9a66000

Marking Bits (Prev, Next): (CMBitMap*) 0x00000157a0c03310, (CMBitMap*) 0x00000157a0c032d8
 Prev Bits: [0x00000157bb420000, 0x00000157bc3d0000)
 Next Bits: [0x00000157ba470000, 0x00000157bb420000)

Polling page: 0x00000157aa820000

Metaspace:

Usage:
  Non-class:     22.00 MB capacity,    21.70 MB ( 99%) used,   247.27 KB (  1%) free+waste,    66.25 KB ( <1%) overhead. 
      Class:      2.96 MB capacity,     2.71 MB ( 91%) used,   226.53 KB (  7%) free+waste,    33.44 KB (  1%) overhead. 
       Both:     24.97 MB capacity,    24.41 MB ( 98%) used,   473.80 KB (  2%) free+waste,    99.69 KB ( <1%) overhead. 

Virtual space:
  Non-class space:       24.00 MB reserved,      22.25 MB ( 93%) committed 
      Class space:        1.00 GB reserved,       3.00 MB ( <1%) committed 
             Both:        1.02 GB reserved,      25.25 MB (  2%) committed 

Chunk freelists:
   Non-Class:  7.13 KB
       Class:  640 bytes
        Both:  7.75 KB

CodeHeap 'non-profiled nmethods': size=120064Kb used=1044Kb max_used=1044Kb free=119020Kb
 bounds [0x00000157b2300000, 0x00000157b2570000, 0x00000157b9840000]
CodeHeap 'profiled nmethods': size=120000Kb used=5757Kb max_used=5757Kb free=114242Kb
 bounds [0x00000157aadd0000, 0x00000157ab370000, 0x00000157b2300000]
CodeHeap 'non-nmethods': size=5696Kb used=1255Kb max_used=1292Kb free=4441Kb
 bounds [0x00000157aa840000, 0x00000157aaab0000, 0x00000157aadd0000]
 total_blobs=3558 nmethods=2915 adapters=552
 compilation: enabled
              stopped_count=0, restarted_count=0
 full_count=0

Compilation events (10 events):
Event: 46.807 Thread 0x00000157bf1c5000 nmethod 2915 0x00000157b23fa190 code [0x00000157b23fa3a0, 0x00000157b23fabf0]
Event: 49.592 Thread 0x00000157bf1c5000 2916       4       javax.swing.JComponent::repaint (19 bytes)
Event: 49.594 Thread 0x00000157bf1d3800 2918       3       javax.swing.table.DefaultTableColumnModel::getColumnIndexAtX (43 bytes)
Event: 49.595 Thread 0x00000157bf1d3800 nmethod 2918 0x00000157ab36e310 code [0x00000157ab36e500, 0x00000157ab36eb68]
Event: 49.595 Thread 0x00000157bf1d3800 2919       3       javax.swing.JTable::getColumnCount (10 bytes)
Event: 49.595 Thread 0x00000157bf1d3800 nmethod 2919 0x00000157ab36ed90 code [0x00000157ab36ef40, 0x00000157ab36f2b8]
Event: 49.595 Thread 0x00000157bf1d3800 2920       3       javax.swing.table.DefaultTableCellRenderer::revalidate (1 bytes)
Event: 49.596 Thread 0x00000157bf1d3800 nmethod 2920 0x00000157ab36f410 code [0x00000157ab36f5a0, 0x00000157ab36f698]
Event: 49.914 Thread 0x00000157bf1c5000 nmethod 2916 0x00000157b23fb110 code [0x00000157b23fb7a0, 0x00000157b2401e78]
Event: 49.915 Thread 0x00000157bf1c5000 2917       4       javax.swing.RepaintManager::addDirtyRegion (37 bytes)

GC Heap History (4 events):
Event: 2.632 GC heap before
{Heap before GC invocations=0 (full 0):
 garbage-first heap   total 65536K, used 14336K [0x00000000c1400000, 0x0000000100000000)
  region size 1024K, 14 young (14336K), 0 survivors (0K)
 Metaspace       used 18209K, capacity 18692K, committed 18816K, reserved 1064960K
  class space    used 2093K, capacity 2324K, committed 2432K, reserved 1048576K
}
Event: 2.642 GC heap after
{Heap after GC invocations=1 (full 0):
 garbage-first heap   total 65536K, used 3067K [0x00000000c1400000, 0x0000000100000000)
  region size 1024K, 2 young (2048K), 2 survivors (2048K)
 Metaspace       used 18209K, capacity 18692K, committed 18816K, reserved 1064960K
  class space    used 2093K, capacity 2324K, committed 2432K, reserved 1048576K
}
Event: 3.672 GC heap before
{Heap before GC invocations=1 (full 0):
 garbage-first heap   total 65536K, used 9211K [0x00000000c1400000, 0x0000000100000000)
  region size 1024K, 9 young (9216K), 2 survivors (2048K)
 Metaspace       used 20727K, capacity 21186K, committed 21248K, reserved 1069056K
  class space    used 2343K, capacity 2556K, committed 2560K, reserved 1048576K
}
Event: 3.682 GC heap after
{Heap after GC invocations=2 (full 0):
 garbage-first heap   total 65536K, used 4559K [0x00000000c1400000, 0x0000000100000000)
  region size 1024K, 2 young (2048K), 2 survivors (2048K)
 Metaspace       used 20727K, capacity 21186K, committed 21248K, reserved 1069056K
  class space    used 2343K, capacity 2556K, committed 2560K, reserved 1048576K
}

Deoptimization events (10 events):
Event: 4.742 Thread 0x00000157bf8b1800 Uncommon trap: reason=bimorphic_or_optimized_type_check action=maybe_recompile pc=0x00000157b2354db4 method=java.util.HashMap.putVal(ILjava/lang/Object;Ljava/lang/Object;ZZ)Ljava/lang/Object; @ 91 c2
Event: 4.742 Thread 0x00000157bf8b1800 Uncommon trap: reason=bimorphic_or_optimized_type_check action=maybe_recompile pc=0x00000157b2354db4 method=java.util.HashMap.putVal(ILjava/lang/Object;Ljava/lang/Object;ZZ)Ljava/lang/Object; @ 91 c2
Event: 5.066 Thread 0x00000157bf8d5000 Uncommon trap: reason=unstable_if action=reinterpret pc=0x00000157b2386088 method=sun.awt.SunToolkit.getAppContext(Ljava/lang/Object;)Lsun/awt/AppContext; @ 4 c2
Event: 5.071 Thread 0x00000157bf8d5000 Uncommon trap: reason=unstable_if action=reinterpret pc=0x00000157b238c8dc method=sun.awt.SunToolkit.isInstanceOf(Ljava/lang/Class;Ljava/lang/String;)Z @ 14 c2
Event: 10.652 Thread 0x00000157bf8d5000 Uncommon trap: reason=class_check action=maybe_recompile pc=0x00000157b231365c method=java.lang.String.equals(Ljava/lang/Object;)Z @ 8 c2
Event: 10.673 Thread 0x00000157bf8d5000 Uncommon trap: reason=class_check action=maybe_recompile pc=0x00000157b231365c method=java.lang.String.equals(Ljava/lang/Object;)Z @ 8 c2
Event: 10.673 Thread 0x00000157bf8d5000 Uncommon trap: reason=class_check action=maybe_recompile pc=0x00000157b231365c method=java.lang.String.equals(Ljava/lang/Object;)Z @ 8 c2
Event: 12.124 Thread 0x00000157bf8d5000 Uncommon trap: reason=class_check action=maybe_recompile pc=0x00000157b231365c method=java.lang.String.equals(Ljava/lang/Object;)Z @ 8 c2
Event: 14.948 Thread 0x00000157bf8d5000 Uncommon trap: reason=unstable_if action=reinterpret pc=0x00000157b23b99e0 method=java.beans.ChangeListenerMap.get(Ljava/lang/String;)[Ljava/util/EventListener; @ 4 c2
Event: 32.133 Thread 0x00000157bf8d5000 Uncommon trap: reason=unstable_if action=reinterpret pc=0x00000157b23ea99c method=java.awt.Container.getMouseEventTargetImpl(IIZLjava/awt/Container$EventTargetFilter;ZZ)Ljava/awt/Component; @ 218 c2

Classes redefined (0 events):
No events

Internal exceptions (10 events):
Event: 2.568 Thread 0x00000157bf8d5000 Exception <a 'java/lang/NoSuchMethodError'{0x00000000c4613f18}: java.lang.invoke.DirectMethodHandle$Holder.invokeStatic(Ljava/lang/Object;Ljava/lang/Object;IIII)Ljava/lang/Object;> (0x00000000c4613f18) thrown at [./open/src/hotspot/share/interpreter/linkR
Event: 2.568 Thread 0x00000157bf8d5000 Exception <a 'java/lang/NoSuchMethodError'{0x00000000c4617260}: java.lang.invoke.DirectMethodHandle$Holder.invokeStaticInit(Ljava/lang/Object;Ljava/lang/Object;IIII)Ljava/lang/Object;> (0x00000000c4617260) thrown at [./open/src/hotspot/share/interpreter/l
Event: 2.683 Thread 0x00000157bf8d5000 Exception <a 'sun/nio/fs/WindowsException'{0x00000000c53fbe48}> (0x00000000c53fbe48) thrown at [./open/src/hotspot/share/prims/jni.cpp, line 611]
Event: 3.803 Thread 0x00000157bf8d5000 Exception <a 'java/lang/NoSuchMethodError'{0x00000000c5236728}: java.lang.invoke.DirectMethodHandle$Holder.invokeStatic(Ljava/lang/Object;Ljava/lang/Object;Ljava/lang/Object;Ljava/lang/Object;Ljava/lang/Object;Ljava/lang/Object;Ljava/lang/Object;Ljava/lan
Event: 3.807 Thread 0x00000157bf8d5000 Exception <a 'java/lang/NoSuchMethodError'{0x00000000c52546a8}: java.lang.invoke.DirectMethodHandle$Holder.invokeStatic(Ljava/lang/Object;Ljava/lang/Object;Ljava/lang/Object;Ljava/lang/Object;Ljava/lang/Object;Ljava/lang/Object;Ljava/lang/Object;Ljava/lan
Event: 3.810 Thread 0x00000157bf8d5000 Exception <a 'java/lang/NoSuchMethodError'{0x00000000c5273920}: java.lang.invoke.DirectMethodHandle$Holder.invokeStatic(Ljava/lang/Object;Ljava/lang/Object;Ljava/lang/Object;Ljava/lang/Object;Ljava/lang/Object;Ljava/lang/Object;Ljava/lang/Object;Ljava/lan
Event: 3.813 Thread 0x00000157bf8d5000 Exception <a 'java/lang/NoSuchMethodError'{0x00000000c5293fd8}: java.lang.invoke.DirectMethodHandle$Holder.invokeStatic(Ljava/lang/Object;Ljava/lang/Object;Ljava/lang/Object;Ljava/lang/Object;Ljava/lang/Object;Ljava/lang/Object;Ljava/lang/Object;Ljava/lan
Event: 4.836 Thread 0x00000157bf8d5000 Exception <a 'java/lang/NoSuchMethodError'{0x00000000c4f421c0}: java.lang.invoke.DirectMethodHandle$Holder.invokeStaticInit(Ljava/lang/Object;)V> (0x00000000c4f421c0) thrown at [./open/src/hotspot/share/interpreter/linkResolver.cpp, line 772]
Event: 4.851 Thread 0x00000157bf8d5000 Exception <a 'java/lang/NoSuchMethodError'{0x00000000c4fc9208}: java.lang.invoke.Invokers$Holder.linkToTargetMethod(Ljava/lang/Object;ILjava/lang/Object;)Ljava/lang/Object;> (0x00000000c4fc9208) thrown at [./open/src/hotspot/share/interpreter/linkResolver
Event: 14.947 Thread 0x00000157bf8d5000 Implicit null exception at 0x00000157b23b87cf to 0x00000157b23b99b4

Events (10 events):
Event: 41.596 Executing VM operation: RevokeBias
Event: 41.596 Executing VM operation: RevokeBias done
Event: 41.606 Executing VM operation: RevokeBias
Event: 41.606 Executing VM operation: RevokeBias done
Event: 41.606 Executing VM operation: RevokeBias
Event: 41.606 Executing VM operation: RevokeBias done
Event: 42.257 Executing VM operation: RevokeBias
Event: 42.257 Executing VM operation: RevokeBias done
Event: 42.257 Executing VM operation: RevokeBias
Event: 42.257 Executing VM operation: RevokeBias done


Dynamic libraries:
0x00007ff6372c0000 - 0x00007ff6372cf000 	C:\Program Files\Java\jdk-11.0.10\bin\javaw.exe
0x00007ffaad3f0000 - 0x00007ffaad5e5000 	C:\Windows\SYSTEM32\ntdll.dll
0x00007ffaab510000 - 0x00007ffaab5cd000 	C:\Windows\System32\KERNEL32.DLL
0x00007ffaaaf30000 - 0x00007ffaab1f9000 	C:\Windows\System32\KERNELBASE.dll
0x00007ffaaab30000 - 0x00007ffaaac30000 	C:\Windows\System32\ucrtbase.dll
0x00007ffaa44f0000 - 0x00007ffaa4505000 	C:\Program Files\Java\jdk-11.0.10\bin\VCRUNTIME140.dll
0x00007ffaa38b0000 - 0x00007ffaa38c8000 	C:\Program Files\Java\jdk-11.0.10\bin\jli.dll
0x00007ffaab460000 - 0x00007ffaab50c000 	C:\Windows\System32\ADVAPI32.dll
0x00007ffaad300000 - 0x00007ffaad39e000 	C:\Windows\System32\msvcrt.dll
0x00007ffaad080000 - 0x00007ffaad11b000 	C:\Windows\System32\sechost.dll
0x00007ffaad1d0000 - 0x00007ffaad2fa000 	C:\Windows\System32\RPCRT4.dll
0x00007ffaabb80000 - 0x00007ffaabd20000 	C:\Windows\System32\USER32.dll
0x00007ffaaad10000 - 0x00007ffaaad32000 	C:\Windows\System32\win32u.dll
0x00007ffaacfc0000 - 0x00007ffaacfea000 	C:\Windows\System32\GDI32.dll
0x00007ffaab200000 - 0x00007ffaab30b000 	C:\Windows\System32\gdi32full.dll
0x00007ffaab3c0000 - 0x00007ffaab45d000 	C:\Windows\System32\msvcp_win.dll
0x00007ffa89910000 - 0x00007ffa89baa000 	C:\Windows\WinSxS\amd64_microsoft.windows.common-controls_6595b64144ccf1df_6.0.19041.1110_none_60b5254171f9507e\COMCTL32.dll
0x00007ffaa5220000 - 0x00007ffaa522a000 	C:\Windows\SYSTEM32\VERSION.dll
0x00007ffaaca40000 - 0x00007ffaaca70000 	C:\Windows\System32\IMM32.DLL
0x00007ffaa3510000 - 0x00007ffaa35ab000 	C:\Program Files\Java\jdk-11.0.10\bin\msvcp140.dll
0x00007ffa66e10000 - 0x00007ffa6790b000 	C:\Program Files\Java\jdk-11.0.10\bin\server\jvm.dll
0x00007ffaad3a0000 - 0x00007ffaad3a8000 	C:\Windows\System32\PSAPI.DLL
0x00007ffa99120000 - 0x00007ffa99129000 	C:\Windows\SYSTEM32\WSOCK32.dll
0x00007ffaacdd0000 - 0x00007ffaace3b000 	C:\Windows\System32\WS2_32.dll
0x00007ffa94a70000 - 0x00007ffa94a97000 	C:\Windows\SYSTEM32\WINMM.dll
0x00007ffaa8a60000 - 0x00007ffaa8a72000 	C:\Windows\SYSTEM32\kernel.appcore.dll
0x00007ffaa81b0000 - 0x00007ffaa81c0000 	C:\Program Files\Java\jdk-11.0.10\bin\verify.dll
0x00007ffa94f50000 - 0x00007ffa95134000 	C:\Windows\SYSTEM32\DBGHELP.DLL
0x00007ffa95860000 - 0x00007ffa9588c000 	C:\Windows\SYSTEM32\dbgcore.DLL
0x00007ffaaac30000 - 0x00007ffaaacb3000 	C:\Windows\System32\bcryptPrimitives.dll
0x00007ffaa6800000 - 0x00007ffaa6828000 	C:\Program Files\Java\jdk-11.0.10\bin\java.dll
0x00007ffaa8110000 - 0x00007ffaa811a000 	C:\Program Files\Java\jdk-11.0.10\bin\jimage.dll
0x00007ffaa67e0000 - 0x00007ffaa67f6000 	C:\Program Files\Java\jdk-11.0.10\bin\zip.dll
0x00007ffaac300000 - 0x00007ffaaca3f000 	C:\Windows\System32\SHELL32.dll
0x00007ffaa8c60000 - 0x00007ffaa93f1000 	C:\Windows\SYSTEM32\windows.storage.dll
0x00007ffaaca70000 - 0x00007ffaacdc5000 	C:\Windows\System32\combase.dll
0x00007ffaaa4d0000 - 0x00007ffaaa4fc000 	C:\Windows\SYSTEM32\Wldp.dll
0x00007ffaabee0000 - 0x00007ffaabf8e000 	C:\Windows\System32\SHCORE.dll
0x00007ffaac0c0000 - 0x00007ffaac115000 	C:\Windows\System32\shlwapi.dll
0x00007ffaaaa70000 - 0x00007ffaaaa8f000 	C:\Windows\SYSTEM32\profapi.dll
0x00007ffaa67c0000 - 0x00007ffaa67d9000 	C:\Program Files\Java\jdk-11.0.10\bin\net.dll
0x00007ffaa2840000 - 0x00007ffaa294a000 	C:\Windows\SYSTEM32\WINHTTP.dll
0x00007ffaaa230000 - 0x00007ffaaa29a000 	C:\Windows\system32\mswsock.dll
0x00007ffaa67a0000 - 0x00007ffaa67b2000 	C:\Program Files\Java\jdk-11.0.10\bin\nio.dll
0x00007ffa78450000 - 0x00007ffa785ea000 	C:\Program Files\Java\jdk-11.0.10\bin\awt.dll
0x00007ffaabd30000 - 0x00007ffaabdfd000 	C:\Windows\System32\OLEAUT32.dll
0x00007ffaa84a0000 - 0x00007ffaa8530000 	C:\Windows\SYSTEM32\apphelp.dll
0x00007ffaa85a0000 - 0x00007ffaa863e000 	C:\Windows\system32\uxtheme.dll
0x00007ffaace40000 - 0x00007ffaacf55000 	C:\Windows\System32\MSCTF.dll
0x00007ffaa5800000 - 0x00007ffaa5807000 	C:\Windows\system32\OskSupport.dll
0x00007ffaabf90000 - 0x00007ffaac0ba000 	C:\Windows\System32\ole32.dll
0x00007ffaa8770000 - 0x00007ffaa879f000 	C:\Windows\system32\DWMAPI.DLL
0x00007ffa80180000 - 0x00007ffa802a5000 	C:\Windows\system32\opengl32.dll
0x00007ffa81960000 - 0x00007ffa8198c000 	C:\Windows\SYSTEM32\GLU32.dll
0x00007ffaa9f60000 - 0x00007ffaaa02c000 	C:\Windows\SYSTEM32\DNSAPI.dll
0x00007ffaa9f20000 - 0x00007ffaa9f5b000 	C:\Windows\SYSTEM32\IPHLPAPI.DLL
0x00007ffaabd20000 - 0x00007ffaabd28000 	C:\Windows\System32\NSI.dll
0x00007ffaa1ec0000 - 0x00007ffaa1eca000 	C:\Windows\System32\rasadhlp.dll
0x00007ffaa27a0000 - 0x00007ffaa281f000 	C:\Windows\System32\fwpuclnt.dll
0x00007ffaaada0000 - 0x00007ffaaadc7000 	C:\Windows\System32\bcrypt.dll
0x00007ffaa6720000 - 0x00007ffaa6729000 	C:\Program Files\Java\jdk-11.0.10\bin\management.dll
0x00007ffaa60d0000 - 0x00007ffaa60db000 	C:\Program Files\Java\jdk-11.0.10\bin\management_ext.dll
0x00007ffaaa420000 - 0x00007ffaaa438000 	C:\Windows\SYSTEM32\CRYPTSP.dll
0x00007ffaa9bd0000 - 0x00007ffaa9c04000 	C:\Windows\system32\rsaenh.dll
0x00007ffaaaa30000 - 0x00007ffaaaa5e000 	C:\Windows\SYSTEM32\USERENV.dll
0x00007ffaaa410000 - 0x00007ffaaa41c000 	C:\Windows\SYSTEM32\CRYPTBASE.dll
0x00007ffaa3eb0000 - 0x00007ffaa3ec7000 	C:\Windows\SYSTEM32\dhcpcsvc6.DLL
0x00007ffaa3e90000 - 0x00007ffaa3ead000 	C:\Windows\SYSTEM32\dhcpcsvc.DLL
0x00007ffaa3a30000 - 0x00007ffaa3a55000 	C:\Program Files\Java\jdk-11.0.10\bin\sunec.dll
0x00007ffaa12e0000 - 0x00007ffaa1365000 	C:\Program Files\Java\jdk-11.0.10\bin\freetype.dll
0x00007ffa7b5e0000 - 0x00007ffa7b69c000 	C:\Program Files\Java\jdk-11.0.10\bin\harfbuzz.dll
0x00007ffaa37a0000 - 0x00007ffaa37b2000 	C:\Program Files\Java\jdk-11.0.10\bin\fontmanager.dll
0x00007ffa9e970000 - 0x00007ffa9ea69000 	C:\Windows\SYSTEM32\textinputframework.dll
0x00007ffaa7da0000 - 0x00007ffaa80fe000 	C:\Windows\System32\CoreUIComponents.dll
0x00007ffaa9860000 - 0x00007ffaa9893000 	C:\Windows\SYSTEM32\ntmarta.dll
0x00007ffaa7680000 - 0x00007ffaa77d4000 	C:\Windows\SYSTEM32\wintypes.dll
0x00007ffaa81e0000 - 0x00007ffaa82d2000 	C:\Windows\System32\CoreMessaging.dll
0x00007ffaad120000 - 0x00007ffaad1c9000 	C:\Windows\System32\clbcatq.dll
0x00007ffaa2e40000 - 0x00007ffaa2ff4000 	C:\Windows\SYSTEM32\WindowsCodecs.dll
0x00007ffa81c20000 - 0x00007ffa81c5e000 	C:\Windows\system32\dataexchange.dll
0x00007ffaa69f0000 - 0x00007ffaa6c54000 	C:\Windows\system32\d3d11.dll
0x00007ffaa7800000 - 0x00007ffaa79e6000 	C:\Windows\system32\dcomp.dll
0x00007ffaa9460000 - 0x00007ffaa9554000 	C:\Windows\system32\dxgi.dll
0x00007ffaa5010000 - 0x00007ffaa5211000 	C:\Windows\system32\twinapi.appcore.dll
0x00007ffa7b6a0000 - 0x00007ffa7b996000 	C:\Windows\System32\uiautomationcore.dll
0x00007ffaa65c0000 - 0x00007ffaa66b6000 	C:\Windows\System32\PROPSYS.dll
0x00007ffa8aeb0000 - 0x00007ffa8af16000 	C:\Windows\System32\OLEACC.dll

dbghelp: loaded successfully - version: 4.0.5 - missing functions: none
symbol engine: initialized successfully - sym options: 0x614 - pdb path: .;C:\Program Files\Java\jdk-11.0.10\bin;C:\Windows\SYSTEM32;C:\Windows\WinSxS\amd64_microsoft.windows.common-controls_6595b64144ccf1df_6.0.19041.1110_none_60b5254171f9507e;C:\Program Files\Java\jdk-11.0.10\bin\server

VM Arguments:
jvm_args: -Dfile.encoding=Cp1252 --module-path=C:\Users\nanub\Downloads\postgresql-42.2.23.jar 
java_command: PANTALLAS.PantallaPrincipal
java_class_path (initial): C:\Users\nanub\eclipse-workspace\TP-Integrador\bin
Launcher Type: SUN_STANDARD

[Global flags]
     intx CICompilerCount                          = 3                                         {product} {ergonomic}
     uint ConcGCThreads                            = 1                                         {product} {ergonomic}
     uint G1ConcRefinementThreads                  = 4                                         {product} {ergonomic}
   size_t G1HeapRegionSize                         = 1048576                                   {product} {ergonomic}
    uintx GCDrainStackTargetSize                   = 64                                        {product} {ergonomic}
   size_t InitialHeapSize                          = 67108864                                  {product} {ergonomic}
   size_t MarkStackSize                            = 4194304                                   {product} {ergonomic}
   size_t MaxHeapSize                              = 1052770304                                {product} {ergonomic}
   size_t MaxNewSize                               = 631242752                                 {product} {ergonomic}
   size_t MinHeapDeltaBytes                        = 1048576                                   {product} {ergonomic}
    uintx NonNMethodCodeHeapSize                   = 5830732                                {pd product} {ergonomic}
    uintx NonProfiledCodeHeapSize                  = 122913754                              {pd product} {ergonomic}
    uintx ProfiledCodeHeapSize                     = 122913754                              {pd product} {ergonomic}
    uintx ReservedCodeCacheSize                    = 251658240                              {pd product} {ergonomic}
     bool SegmentedCodeCache                       = true                                      {product} {ergonomic}
     bool UseCompressedClassPointers               = true                                 {lp64_product} {ergonomic}
     bool UseCompressedOops                        = true                                 {lp64_product} {ergonomic}
     bool UseG1GC                                  = true                                      {product} {ergonomic}
     bool UseLargePagesIndividualAllocation        = false                                  {pd product} {ergonomic}

Logging:
Log output configuration:
 #0: stdout all=warning uptime,level,tags
 #1: stderr all=off uptime,level,tags

Environment Variables:
JAVA_HOME=C:\Program Files\Java\jdk-11.0.10
PATH=C:/Program Files/Java/jdk-11.0.10/bin/server;C:/Program Files/Java/jdk-11.0.10/bin;C:\Program Files\Common Files\Oracle\Java\javapath;C:\Windows\system32;C:\Windows;C:\Windows\System32\Wbem;C:\Windows\System32\WindowsPowerShell\v1.0\;C:\Windows\System32\OpenSSH\;C:\Program Files\dotnet\;C:\Program Files\Azure Data Studio\bin;C:\Program Files\Microsoft SQL Server\Client SDK\ODBC\170\Tools\Binn\;C:\Program Files (x86)\Microsoft SQL Server\150\Tools\Binn\;C:\Program Files\Microsoft SQL Server\150\Tools\Binn\;C:\Program Files\Microsoft SQL Server\150\DTS\Binn\;C:\Program Files (x86)\Microsoft SQL Server\150\DTS\Binn\;C:\Program Files\Git\cmd;C:\Users\nanub\AppData\Local\Microsoft\WindowsApps;C:\Users\nanub\.dotnet\tools;C:\Program Files\Azure Data Studio\bin;C:\Program Files\Java\jdk-11.0.10\bin;;C:\Users\nanub\Desktop;
USERNAME=nanub
OS=Windows_NT
PROCESSOR_IDENTIFIER=Intel64 Family 6 Model 78 Stepping 3, GenuineIntel



---------------  S Y S T E M  ---------------

OS: Windows 10 , 64 bit Build 19041 (10.0.19041.1023)

CPU:total 4 (initial active 4) (2 cores per cpu, 2 threads per core) family 6 model 78 stepping 3 microcode 0xd6, cmov, cx8, fxsr, mmx, sse, sse2, sse3, ssse3, sse4.1, sse4.2, popcnt, avx, avx2, aes, clmul, erms, 3dnowpref, lzcnt, ht, tsc, tscinvbit, bmi1, bmi2, adx, fma

Memory: 4k page, system-wide physical 4009M (282M free)
TotalPageFile size 16297M (AvailPageFile size 21M)
current process WorkingSet (physical memory assigned to process): 110M, peak: 112M
current process commit charge ("private bytes"): 180M, peak: 182M

vm_info: Java HotSpot(TM) 64-Bit Server VM (11.0.10+8-LTS-162) for windows-amd64 JRE (11.0.10+8-LTS-162), built on Dec  8 2020 16:32:57 by "mach5one" with MS VC++ 15.9 (VS2017)

END.
